# JRE version: Java(TM) SE Runtime Environment (17.0.12+8) (build 17.0.12+8-LTS-286)
# Java VM: Java HotSpot(TM) 64-Bit Server VM (17.0.12+8-LTS-286, mixed mode, sharing, tiered, compressed oops, compressed class ptrs, g1 gc, windows-amd64)
GC Precious Log:
 CPUs: 12 total, 12 available
 Memory: 16076M
 Large Page Support: Disabled
 NUMA Support: Disabled
 Compressed Oops: Enabled (Zero based)
 Heap Region Size: 2M
 Heap Min Capacity: 8M
 Heap Initial Capacity: 252M
 Heap Max Capacity: 4020M
 Pre-touch: Disabled
 Parallel Workers: 10
 Concurrent Workers: 3
 Concurrent Refinement Workers: 10
 Periodic GC: Disabled
Heap:
 garbage-first heap   total 102400K, used 65816K [0x0000000704c00000, 0x0000000800000000)
  region size 2048K, 12 young (24576K), 2 survivors (4096K)
 Metaspace       used 41178K, committed 41472K, reserved 1114112K
  class space    used 5034K, committed 5184K, reserved 1048576K
GC Heap History (14 events):
Event: 2.183 GC heap before
{Heap before GC invocations=0 (full 0):
 garbage-first heap   total 258048K, used 24576K [0x0000000704c00000, 0x0000000800000000)
  region size 2048K, 11 young (22528K), 0 survivors (0K)
 Metaspace       used 6693K, committed 6848K, reserved 1114112K
  class space    used 700K, committed 768K, reserved 1048576K
}
Event: 2.197 GC heap after
{Heap after GC invocations=1 (full 0):
 garbage-first heap   total 258048K, used 6828K [0x0000000704c00000, 0x0000000800000000)
  region size 2048K, 2 young (4096K), 2 survivors (4096K)
 Metaspace       used 6693K, committed 6848K, reserved 1114112K
  class space    used 700K, committed 768K, reserved 1048576K
}
Event: 4.331 GC heap before
{Heap before GC invocations=1 (full 0):
 garbage-first heap   total 258048K, used 45740K [0x0000000704c00000, 0x0000000800000000)
  region size 2048K, 19 young (38912K), 2 survivors (4096K)
 Metaspace       used 16936K, committed 17216K, reserved 1114112K
  class space    used 2231K, committed 2368K, reserved 1048576K
}
Event: 4.340 GC heap after
{Heap after GC invocations=2 (full 0):
 garbage-first heap   total 258048K, used 16197K [0x0000000704c00000, 0x0000000800000000)
  region size 2048K, 3 young (6144K), 3 survivors (6144K)
 Metaspace       used 16936K, committed 17216K, reserved 1114112K
  class space    used 2231K, committed 2368K, reserved 1048576K
}
Event: 6.246 GC heap before
{Heap before GC invocations=2 (full 0):
 garbage-first heap   total 258048K, used 89925K [0x0000000704c00000, 0x0000000800000000)
  region size 2048K, 39 young (79872K), 3 survivors (6144K)
 Metaspace       used 21302K, committed 21504K, reserved 1114112K
  class space    used 2896K, committed 3008K, reserved 1048576K
}
Event: 6.275 GC heap after
{Heap after GC invocations=3 (full 0):
 garbage-first heap   total 258048K, used 24576K [0x0000000704c00000, 0x0000000800000000)
  region size 2048K, 10 young (20480K), 10 survivors (20480K)
 Metaspace       used 21302K, committed 21504K, reserved 1114112K
  class space    used 2896K, committed 3008K, reserved 1048576K
}
Event: 8.196 GC heap before
{Heap before GC invocations=4 (full 0):
 garbage-first heap   total 90112K, used 69632K [0x0000000704c00000, 0x0000000800000000)
  region size 2048K, 29 young (59392K), 10 survivors (20480K)
 Metaspace       used 27798K, committed 27968K, reserved 1114112K
  class space    used 3508K, committed 3584K, reserved 1048576K
}
Event: 8.267 GC heap after
{Heap after GC invocations=5 (full 0):
 garbage-first heap   total 102400K, used 41577K [0x0000000704c00000, 0x0000000800000000)
  region size 2048K, 5 young (10240K), 5 survivors (10240K)
 Metaspace       used 27798K, committed 27968K, reserved 1114112K
  class space    used 3508K, committed 3584K, reserved 1048576K
}
Event: 13.540 GC heap before
{Heap before GC invocations=5 (full 0):
 garbage-first heap   total 102400K, used 72297K [0x0000000704c00000, 0x0000000800000000)
  region size 2048K, 21 young (43008K), 5 survivors (10240K)
 Metaspace       used 34826K, committed 35072K, reserved 1114112K
  class space    used 4304K, committed 4416K, reserved 1048576K
}
Event: 13.558 GC heap after
{Heap after GC invocations=6 (full 0):
 garbage-first heap   total 102400K, used 45340K [0x0000000704c00000, 0x0000000800000000)
  region size 2048K, 2 young (4096K), 2 survivors (4096K)
 Metaspace       used 34826K, committed 35072K, reserved 1114112K
  class space    used 4304K, committed 4416K, reserved 1048576K
}
Event: 15.601 GC heap before
{Heap before GC invocations=6 (full 0):
 garbage-first heap   total 102400K, used 76060K [0x0000000704c00000, 0x0000000800000000)
  region size 2048K, 17 young (34816K), 2 survivors (4096K)
 Metaspace       used 35615K, committed 35840K, reserved 1114112K
  class space    used 4369K, committed 4480K, reserved 1048576K
}
Event: 15.629 GC heap after
{Heap after GC invocations=7 (full 0):
 garbage-first heap   total 102400K, used 46740K [0x0000000704c00000, 0x0000000800000000)
  region size 2048K, 3 young (6144K), 3 survivors (6144K)
 Metaspace       used 35615K, committed 35840K, reserved 1114112K
  class space    used 4369K, committed 4480K, reserved 1048576K
}
Event: 16.020 GC heap before
{Heap before GC invocations=7 (full 0):
 garbage-first heap   total 102400K, used 52884K [0x0000000704c00000, 0x0000000800000000)
  region size 2048K, 7 young (14336K), 3 survivors (6144K)
 Metaspace       used 35971K, committed 36160K, reserved 1114112K
  class space    used 4399K, committed 4480K, reserved 1048576K
}
Event: 16.034 GC heap after
{Heap after GC invocations=8 (full 0):
 garbage-first heap   total 102400K, used 47384K [0x0000000704c00000, 0x0000000800000000)
  region size 2048K, 2 young (4096K), 2 survivors (4096K)
 Metaspace       used 35971K, committed 36160K, reserved 1114112K
  class space    used 4399K, committed 4480K, reserved 1048576K
}

